<?xml version="1.0" encoding="UTF-8"?>
<!-- Generated by org.testng.reporters.JUnitXMLReporter -->
<testsuite ignored="0" hostname="LAPTOP-Abhi" failures="1" tests="5" name="Cucumber with TestNG Test" time="62.536" errors="0" timestamp="2024-05-04T15:23:25 IST">
  <testcase classname="io.cucumber.testng.AbstractTestNGCucumberTests" name="runScenario" time="16.174"/>
  <testcase classname="io.cucumber.testng.AbstractTestNGCucumberTests" name="runScenario" time="15.424"/>
  <testcase classname="io.cucumber.testng.AbstractTestNGCucumberTests" name="runScenario" time="14.727"/>
  <testcase classname="io.cucumber.testng.AbstractTestNGCucumberTests" name="runScenario" time="7.359"/>
  <testcase classname="io.cucumber.testng.AbstractTestNGCucumberTests" name="runScenario" time="6.267">
    <failure type="java.lang.AssertionError" message="expected [Required1] but found [Required]">
      <![CDATA[java.lang.AssertionError: expected [Required1] but found [Required]
at definitionFiles.LoginPageDefinitions.verifyMissingUsernameMessage(LoginPageDefinitions.java:53)
at âœ½.User should be able to see a message "Required1" below Username(file:///C:/Users/abhig/OneDrive/Desktop/Cucumber%20Tutorials/Cucumber%20Eclipse%20WS/TestNgPOMCucumber/src/test/resources/featureFiles/LoginPage.feature:29)
... Removed 6 stack frames]]>
    </failure>
  </testcase> <!-- runScenario -->
</testsuite> <!-- Cucumber with TestNG Test -->
