<?xml version="1.0" encoding="UTF-8"?>
<!-- Generated by org.testng.reporters.JUnitReportReporter -->
<testsuite hostname="LAPTOP-Abhi" failures="1" tests="5" name="RunnerFiles.cucumberRunnerFile" time="59.951" errors="0" timestamp="2024-05-04T15:23:25 IST" skipped="0">
  <testcase classname="RunnerFiles.cucumberRunnerFile" name="runScenario" time="14.727"/>
  <testcase classname="RunnerFiles.cucumberRunnerFile" name="runScenario" time="7.359"/>
  <testcase classname="RunnerFiles.cucumberRunnerFile" name="runScenario" time="16.174"/>
  <testcase classname="RunnerFiles.cucumberRunnerFile" name="runScenario" time="15.424"/>
  <testcase classname="RunnerFiles.cucumberRunnerFile" name="runScenario" time="6.267">
    <failure message="expected [Required1] but found [Required]" type="java.lang.AssertionError">
      <![CDATA[java.lang.AssertionError: expected [Required1] but found [Required]
at org.testng.Assert.fail(Assert.java:111)
at org.testng.Assert.failNotEquals(Assert.java:1578)
at org.testng.Assert.assertEqualsImpl(Assert.java:150)
at org.testng.Assert.assertEquals(Assert.java:132)
at org.testng.Assert.assertEquals(Assert.java:656)
at org.testng.Assert.assertEquals(Assert.java:666)
at definitionFiles.LoginPageDefinitions.verifyMissingUsernameMessage(LoginPageDefinitions.java:53)
at âœ½.User should be able to see a message "Required1" below Username(file:///C:/Users/abhig/OneDrive/Desktop/Cucumber%20Tutorials/Cucumber%20Eclipse%20WS/TestNgPOMCucumber/src/test/resources/featureFiles/LoginPage.feature:29)
]]>
    </failure>
  </testcase> <!-- runScenario -->
</testsuite> <!-- RunnerFiles.cucumberRunnerFile -->
